<?xml version="1.0" encoding="UTF-8"?>
<Site BuildName="(empty)"
	BuildStamp="20260519-1147-Experimental"
	Name="Ubuntu1"
	Generator="ctest-3.22.1"
	CompilerName="/usr/bin/c++"
	CompilerVersion="11.4.0"
	OSName="Linux"
	Hostname="Ubuntu1"
	OSRelease="6.8.0-111-generic"
	OSVersion="#111~22.04.1-Ubuntu SMP PREEMPT_DYNAMIC Tue Apr 14 17:13:45 UTC "
	OSPlatform="x86_64"
	Is64Bits="1"
	VendorString="AuthenticAMD"
	VendorID="Advanced Micro Devices"
	FamilyID="25"
	ModelID="68"
	ProcessorCacheSize="512"
	NumberOfLogicalCPU="6"
	NumberOfPhysicalCPU="6"
	TotalVirtualMemory="2047"
	TotalPhysicalMemory="23670"
	LogicalProcessorsPerPhysical="1"
	ProcessorClockFrequency="3094.11"
	>
	<Testing>
		<StartDateTime>May 19 14:47 +03</StartDateTime>
		<StartTestTime>1779191273</StartTestTime>
		<TestList>
			<Test>./flake8</Test>
			<Test>./lint_cmake</Test>
			<Test>./pep257</Test>
			<Test>./xmllint</Test>
		</TestList>
		<Test Status="passed">
			<Name>flake8</Name>
			<Path>.</Path>
			<FullName>./flake8</FullName>
			<FullCommandLine>/usr/bin/python3 "-u" "/opt/ros/humble/share/ament_cmake_test/cmake/run_test.py" "/home/bengokaysaglam/pavlov_mini_wheel/build/pavlov_description/test_results/pavlov_description/flake8.xunit.xml" "--package-name" "pavlov_description" "--output-file" "/home/bengokaysaglam/pavlov_mini_wheel/build/pavlov_description/ament_flake8/flake8.txt" "--command" "/opt/ros/humble/bin/ament_flake8" "--xunit-file" "/home/bengokaysaglam/pavlov_mini_wheel/build/pavlov_description/test_results/pavlov_description/flake8.xunit.xml"</FullCommandLine>
			<Results>
				<NamedMeasurement type="numeric/double" name="Execution Time">
					<Value>0.344777</Value>
				</NamedMeasurement>
				<NamedMeasurement type="numeric/double" name="Processors">
					<Value>1</Value>
				</NamedMeasurement>
				<NamedMeasurement type="text/string" name="Completion Status">
					<Value>Completed</Value>
				</NamedMeasurement>
				<NamedMeasurement type="text/string" name="Command Line">
					<Value>/usr/bin/python3 "-u" "/opt/ros/humble/share/ament_cmake_test/cmake/run_test.py" "/home/bengokaysaglam/pavlov_mini_wheel/build/pavlov_description/test_results/pavlov_description/flake8.xunit.xml" "--package-name" "pavlov_description" "--output-file" "/home/bengokaysaglam/pavlov_mini_wheel/build/pavlov_description/ament_flake8/flake8.txt" "--command" "/opt/ros/humble/bin/ament_flake8" "--xunit-file" "/home/bengokaysaglam/pavlov_mini_wheel/build/pavlov_description/test_results/pavlov_description/flake8.xunit.xml"</Value>
				</NamedMeasurement>
				<NamedMeasurement type="text/string" name="Environment">
					<Value>#CTEST_RESOURCE_GROUP_COUNT=</Value>
				</NamedMeasurement>
				<Measurement>
					<Value>-- run_test.py: invoking following command in '/home/bengokaysaglam/pavlov_mini_wheel/src/pavlov_description':
 - /opt/ros/humble/bin/ament_flake8 --xunit-file /home/bengokaysaglam/pavlov_mini_wheel/build/pavlov_description/test_results/pavlov_description/flake8.xunit.xml

2 files checked
No problems found

Checked files:

* ./launch/display.launch.py
* ./launch/gazebo.launch.py
-- run_test.py: return code 0
-- run_test.py: verify result file '/home/bengokaysaglam/pavlov_mini_wheel/build/pavlov_description/test_results/pavlov_description/flake8.xunit.xml'
</Value>
				</Measurement>
			</Results>
			<Labels>
				<Label>flake8</Label>
				<Label>linter</Label>
			</Labels>
		</Test>
		<Test Status="passed">
			<Name>lint_cmake</Name>
			<Path>.</Path>
			<FullName>./lint_cmake</FullName>
			<FullCommandLine>/usr/bin/python3 "-u" "/opt/ros/humble/share/ament_cmake_test/cmake/run_test.py" "/home/bengokaysaglam/pavlov_mini_wheel/build/pavlov_description/test_results/pavlov_description/lint_cmake.xunit.xml" "--package-name" "pavlov_description" "--output-file" "/home/bengokaysaglam/pavlov_mini_wheel/build/pavlov_description/ament_lint_cmake/lint_cmake.txt" "--command" "/opt/ros/humble/bin/ament_lint_cmake" "--xunit-file" "/home/bengokaysaglam/pavlov_mini_wheel/build/pavlov_description/test_results/pavlov_description/lint_cmake.xunit.xml"</FullCommandLine>
			<Results>
				<NamedMeasurement type="numeric/double" name="Execution Time">
					<Value>0.170211</Value>
				</NamedMeasurement>
				<NamedMeasurement type="numeric/double" name="Processors">
					<Value>1</Value>
				</NamedMeasurement>
				<NamedMeasurement type="text/string" name="Completion Status">
					<Value>Completed</Value>
				</NamedMeasurement>
				<NamedMeasurement type="text/string" name="Command Line">
					<Value>/usr/bin/python3 "-u" "/opt/ros/humble/share/ament_cmake_test/cmake/run_test.py" "/home/bengokaysaglam/pavlov_mini_wheel/build/pavlov_description/test_results/pavlov_description/lint_cmake.xunit.xml" "--package-name" "pavlov_description" "--output-file" "/home/bengokaysaglam/pavlov_mini_wheel/build/pavlov_description/ament_lint_cmake/lint_cmake.txt" "--command" "/opt/ros/humble/bin/ament_lint_cmake" "--xunit-file" "/home/bengokaysaglam/pavlov_mini_wheel/build/pavlov_description/test_results/pavlov_description/lint_cmake.xunit.xml"</Value>
				</NamedMeasurement>
				<NamedMeasurement type="text/string" name="Environment">
					<Value>#CTEST_RESOURCE_GROUP_COUNT=</Value>
				</NamedMeasurement>
				<Measurement>
					<Value>-- run_test.py: invoking following command in '/home/bengokaysaglam/pavlov_mini_wheel/src/pavlov_description':
 - /opt/ros/humble/bin/ament_lint_cmake --xunit-file /home/bengokaysaglam/pavlov_mini_wheel/build/pavlov_description/test_results/pavlov_description/lint_cmake.xunit.xml

No problems found
-- run_test.py: return code 0
-- run_test.py: verify result file '/home/bengokaysaglam/pavlov_mini_wheel/build/pavlov_description/test_results/pavlov_description/lint_cmake.xunit.xml'
</Value>
				</Measurement>
			</Results>
			<Labels>
				<Label>lint_cmake</Label>
				<Label>linter</Label>
			</Labels>
		</Test>
		<Test Status="passed">
			<Name>pep257</Name>
			<Path>.</Path>
			<FullName>./pep257</FullName>
			<FullCommandLine>/usr/bin/python3 "-u" "/opt/ros/humble/share/ament_cmake_test/cmake/run_test.py" "/home/bengokaysaglam/pavlov_mini_wheel/build/pavlov_description/test_results/pavlov_description/pep257.xunit.xml" "--package-name" "pavlov_description" "--output-file" "/home/bengokaysaglam/pavlov_mini_wheel/build/pavlov_description/ament_pep257/pep257.txt" "--command" "/opt/ros/humble/bin/ament_pep257" "--xunit-file" "/home/bengokaysaglam/pavlov_mini_wheel/build/pavlov_description/test_results/pavlov_description/pep257.xunit.xml"</FullCommandLine>
			<Results>
				<NamedMeasurement type="numeric/double" name="Execution Time">
					<Value>0.241364</Value>
				</NamedMeasurement>
				<NamedMeasurement type="numeric/double" name="Processors">
					<Value>1</Value>
				</NamedMeasurement>
				<NamedMeasurement type="text/string" name="Completion Status">
					<Value>Completed</Value>
				</NamedMeasurement>
				<NamedMeasurement type="text/string" name="Command Line">
					<Value>/usr/bin/python3 "-u" "/opt/ros/humble/share/ament_cmake_test/cmake/run_test.py" "/home/bengokaysaglam/pavlov_mini_wheel/build/pavlov_description/test_results/pavlov_description/pep257.xunit.xml" "--package-name" "pavlov_description" "--output-file" "/home/bengokaysaglam/pavlov_mini_wheel/build/pavlov_description/ament_pep257/pep257.txt" "--command" "/opt/ros/humble/bin/ament_pep257" "--xunit-file" "/home/bengokaysaglam/pavlov_mini_wheel/build/pavlov_description/test_results/pavlov_description/pep257.xunit.xml"</Value>
				</NamedMeasurement>
				<NamedMeasurement type="text/string" name="Environment">
					<Value>#CTEST_RESOURCE_GROUP_COUNT=</Value>
				</NamedMeasurement>
				<Measurement>
					<Value>-- run_test.py: invoking following command in '/home/bengokaysaglam/pavlov_mini_wheel/src/pavlov_description':
 - /opt/ros/humble/bin/ament_pep257 --xunit-file /home/bengokaysaglam/pavlov_mini_wheel/build/pavlov_description/test_results/pavlov_description/pep257.xunit.xml
checking ./launch/display.launch.py
checking ./launch/gazebo.launch.py
No problems found
-- run_test.py: return code 0
-- run_test.py: verify result file '/home/bengokaysaglam/pavlov_mini_wheel/build/pavlov_description/test_results/pavlov_description/pep257.xunit.xml'
</Value>
				</Measurement>
			</Results>
			<Labels>
				<Label>linter</Label>
				<Label>pep257</Label>
			</Labels>
		</Test>
		<Test Status="passed">
			<Name>xmllint</Name>
			<Path>.</Path>
			<FullName>./xmllint</FullName>
			<FullCommandLine>/usr/bin/python3 "-u" "/opt/ros/humble/share/ament_cmake_test/cmake/run_test.py" "/home/bengokaysaglam/pavlov_mini_wheel/build/pavlov_description/test_results/pavlov_description/xmllint.xunit.xml" "--package-name" "pavlov_description" "--output-file" "/home/bengokaysaglam/pavlov_mini_wheel/build/pavlov_description/ament_xmllint/xmllint.txt" "--command" "/opt/ros/humble/bin/ament_xmllint" "--xunit-file" "/home/bengokaysaglam/pavlov_mini_wheel/build/pavlov_description/test_results/pavlov_description/xmllint.xunit.xml"</FullCommandLine>
			<Results>
				<NamedMeasurement type="numeric/double" name="Execution Time">
					<Value>0.1777</Value>
				</NamedMeasurement>
				<NamedMeasurement type="numeric/double" name="Processors">
					<Value>1</Value>
				</NamedMeasurement>
				<NamedMeasurement type="text/string" name="Completion Status">
					<Value>Completed</Value>
				</NamedMeasurement>
				<NamedMeasurement type="text/string" name="Command Line">
					<Value>/usr/bin/python3 "-u" "/opt/ros/humble/share/ament_cmake_test/cmake/run_test.py" "/home/bengokaysaglam/pavlov_mini_wheel/build/pavlov_description/test_results/pavlov_description/xmllint.xunit.xml" "--package-name" "pavlov_description" "--output-file" "/home/bengokaysaglam/pavlov_mini_wheel/build/pavlov_description/ament_xmllint/xmllint.txt" "--command" "/opt/ros/humble/bin/ament_xmllint" "--xunit-file" "/home/bengokaysaglam/pavlov_mini_wheel/build/pavlov_description/test_results/pavlov_description/xmllint.xunit.xml"</Value>
				</NamedMeasurement>
				<NamedMeasurement type="text/string" name="Environment">
					<Value>#CTEST_RESOURCE_GROUP_COUNT=</Value>
				</NamedMeasurement>
				<Measurement>
					<Value>-- run_test.py: invoking following command in '/home/bengokaysaglam/pavlov_mini_wheel/src/pavlov_description':
 - /opt/ros/humble/bin/ament_xmllint --xunit-file /home/bengokaysaglam/pavlov_mini_wheel/build/pavlov_description/test_results/pavlov_description/xmllint.xunit.xml
File 'package.xml' is valid

No problems found
-- run_test.py: return code 0
-- run_test.py: verify result file '/home/bengokaysaglam/pavlov_mini_wheel/build/pavlov_description/test_results/pavlov_description/xmllint.xunit.xml'
</Value>
				</Measurement>
			</Results>
			<Labels>
				<Label>linter</Label>
				<Label>xmllint</Label>
			</Labels>
		</Test>
		<EndDateTime>May 19 14:47 +03</EndDateTime>
		<EndTestTime>1779191274</EndTestTime>
		<ElapsedMinutes>0</ElapsedMinutes>
	</Testing>
</Site>
