Start testing: May 19 14:45 +03
----------------------------------------------------------
1/4 Testing: flake8
1/4 Test: flake8
Command: "/usr/bin/python3" "-u" "/opt/ros/humble/share/ament_cmake_test/cmake/run_test.py" "/home/bengokaysaglam/pavlov_mini_wheel/build/pavlov_description/test_results/pavlov_description/flake8.xunit.xml" "--package-name" "pavlov_description" "--output-file" "/home/bengokaysaglam/pavlov_mini_wheel/build/pavlov_description/ament_flake8/flake8.txt" "--command" "/opt/ros/humble/bin/ament_flake8" "--xunit-file" "/home/bengokaysaglam/pavlov_mini_wheel/build/pavlov_description/test_results/pavlov_description/flake8.xunit.xml"
Directory: /home/bengokaysaglam/pavlov_mini_wheel/src/pavlov_description
"flake8" start time: May 19 14:45 +03
Output:
----------------------------------------------------------
-- run_test.py: invoking following command in '/home/bengokaysaglam/pavlov_mini_wheel/src/pavlov_description':
 - /opt/ros/humble/bin/ament_flake8 --xunit-file /home/bengokaysaglam/pavlov_mini_wheel/build/pavlov_description/test_results/pavlov_description/flake8.xunit.xml
def generate_launch_description():
^
    
^
    
^
    ])      ^
def generate_launch_description():
^
            #" camera_sensor_pitch:=",
            ^
            #LaunchConfiguration("camera_sensor_pitch"),
            ^
2     E265 block comment should start with '# '
2     E302 expected 2 blank lines, found 1
1     W292 no newline at end of file
2     W293 blank line contains whitespace

./launch/display.launch.py:7:1: E302 expected 2 blank lines, found 1

./launch/display.launch.py:28:1: W293 blank line contains whitespace

./launch/display.launch.py:36:1: W293 blank line contains whitespace

./launch/display.launch.py:41:7: W292 no newline at end of file

./launch/gazebo.launch.py:21:1: E302 expected 2 blank lines, found 1

./launch/gazebo.launch.py:75:13: E265 block comment should start with '# '

./launch/gazebo.launch.py:76:13: E265 block comment should start with '# '


2 files checked
7 errors

'E'-type errors: 4
'W'-type errors: 3

Checked files:

* ./launch/display.launch.py
* ./launch/gazebo.launch.py
-- run_test.py: return code 1
-- run_test.py: verify result file '/home/bengokaysaglam/pavlov_mini_wheel/build/pavlov_description/test_results/pavlov_description/flake8.xunit.xml'
<end of output>
Test time =   0.48 sec
----------------------------------------------------------
Test Failed.
"flake8" end time: May 19 14:45 +03
"flake8" time elapsed: 00:00:00
----------------------------------------------------------

2/4 Testing: lint_cmake
2/4 Test: lint_cmake
Command: "/usr/bin/python3" "-u" "/opt/ros/humble/share/ament_cmake_test/cmake/run_test.py" "/home/bengokaysaglam/pavlov_mini_wheel/build/pavlov_description/test_results/pavlov_description/lint_cmake.xunit.xml" "--package-name" "pavlov_description" "--output-file" "/home/bengokaysaglam/pavlov_mini_wheel/build/pavlov_description/ament_lint_cmake/lint_cmake.txt" "--command" "/opt/ros/humble/bin/ament_lint_cmake" "--xunit-file" "/home/bengokaysaglam/pavlov_mini_wheel/build/pavlov_description/test_results/pavlov_description/lint_cmake.xunit.xml"
Directory: /home/bengokaysaglam/pavlov_mini_wheel/src/pavlov_description
"lint_cmake" start time: May 19 14:45 +03
Output:
----------------------------------------------------------
-- run_test.py: invoking following command in '/home/bengokaysaglam/pavlov_mini_wheel/src/pavlov_description':
 - /opt/ros/humble/bin/ament_lint_cmake --xunit-file /home/bengokaysaglam/pavlov_mini_wheel/build/pavlov_description/test_results/pavlov_description/lint_cmake.xunit.xml

No problems found
-- run_test.py: return code 0
-- run_test.py: verify result file '/home/bengokaysaglam/pavlov_mini_wheel/build/pavlov_description/test_results/pavlov_description/lint_cmake.xunit.xml'
<end of output>
Test time =   0.19 sec
----------------------------------------------------------
Test Passed.
"lint_cmake" end time: May 19 14:45 +03
"lint_cmake" time elapsed: 00:00:00
----------------------------------------------------------

3/4 Testing: pep257
3/4 Test: pep257
Command: "/usr/bin/python3" "-u" "/opt/ros/humble/share/ament_cmake_test/cmake/run_test.py" "/home/bengokaysaglam/pavlov_mini_wheel/build/pavlov_description/test_results/pavlov_description/pep257.xunit.xml" "--package-name" "pavlov_description" "--output-file" "/home/bengokaysaglam/pavlov_mini_wheel/build/pavlov_description/ament_pep257/pep257.txt" "--command" "/opt/ros/humble/bin/ament_pep257" "--xunit-file" "/home/bengokaysaglam/pavlov_mini_wheel/build/pavlov_description/test_results/pavlov_description/pep257.xunit.xml"
Directory: /home/bengokaysaglam/pavlov_mini_wheel/src/pavlov_description
"pep257" start time: May 19 14:45 +03
Output:
----------------------------------------------------------
-- run_test.py: invoking following command in '/home/bengokaysaglam/pavlov_mini_wheel/src/pavlov_description':
 - /opt/ros/humble/bin/ament_pep257 --xunit-file /home/bengokaysaglam/pavlov_mini_wheel/build/pavlov_description/test_results/pavlov_description/pep257.xunit.xml
checking ./launch/display.launch.py
checking ./launch/gazebo.launch.py
No problems found
-- run_test.py: return code 0
-- run_test.py: verify result file '/home/bengokaysaglam/pavlov_mini_wheel/build/pavlov_description/test_results/pavlov_description/pep257.xunit.xml'
<end of output>
Test time =   0.30 sec
----------------------------------------------------------
Test Passed.
"pep257" end time: May 19 14:45 +03
"pep257" time elapsed: 00:00:00
----------------------------------------------------------

4/4 Testing: xmllint
4/4 Test: xmllint
Command: "/usr/bin/python3" "-u" "/opt/ros/humble/share/ament_cmake_test/cmake/run_test.py" "/home/bengokaysaglam/pavlov_mini_wheel/build/pavlov_description/test_results/pavlov_description/xmllint.xunit.xml" "--package-name" "pavlov_description" "--output-file" "/home/bengokaysaglam/pavlov_mini_wheel/build/pavlov_description/ament_xmllint/xmllint.txt" "--command" "/opt/ros/humble/bin/ament_xmllint" "--xunit-file" "/home/bengokaysaglam/pavlov_mini_wheel/build/pavlov_description/test_results/pavlov_description/xmllint.xunit.xml"
Directory: /home/bengokaysaglam/pavlov_mini_wheel/src/pavlov_description
"xmllint" start time: May 19 14:45 +03
Output:
----------------------------------------------------------
-- run_test.py: invoking following command in '/home/bengokaysaglam/pavlov_mini_wheel/src/pavlov_description':
 - /opt/ros/humble/bin/ament_xmllint --xunit-file /home/bengokaysaglam/pavlov_mini_wheel/build/pavlov_description/test_results/pavlov_description/xmllint.xunit.xml
File 'package.xml' is invalid:
warning: failed to load external entity "http://download.ros.org/schema/package_format3.xsd"
Schemas parser error : Failed to locate the main schema resource at 'http://download.ros.org/schema/package_format3.xsd'.
WXS schema http://download.ros.org/schema/package_format3.xsd failed to compile

1 files are invalid
-- run_test.py: return code 1
-- run_test.py: verify result file '/home/bengokaysaglam/pavlov_mini_wheel/build/pavlov_description/test_results/pavlov_description/xmllint.xunit.xml'
<end of output>
Test time =   0.19 sec
----------------------------------------------------------
Test Failed.
"xmllint" end time: May 19 14:45 +03
"xmllint" time elapsed: 00:00:00
----------------------------------------------------------

End testing: May 19 14:45 +03

flake8 =   0.48 sec*proc

lint_cmake =   0.19 sec*proc

linter =   1.16 sec*proc

pep257 =   0.30 sec*proc

xmllint =   0.19 sec*proc

